D:\GitHub\K8S-Microservices\EventClient\EventClient\Client\dist\out-tsc\e2e\src\app.po.js
D:\GitHub\K8S-Microservices\EventClient\EventClient\Client\dist\out-tsc\e2e\src\app.po.js.map
D:\GitHub\K8S-Microservices\EventClient\EventClient\Client\dist\out-tsc\e2e\src\app.e2e-spec.js
D:\GitHub\K8S-Microservices\EventClient\EventClient\Client\dist\out-tsc\e2e\src\app.e2e-spec.js.map
D:\GitHub\K8S-Microservices\EventClient\EventClient\Client\dist\out-tsc\src\app\models\event-data.js
D:\GitHub\K8S-Microservices\EventClient\EventClient\Client\dist\out-tsc\src\app\models\event-data.js.map
D:\GitHub\K8S-Microservices\EventClient\EventClient\Client\dist\out-tsc\src\app\services\event.service.js
D:\GitHub\K8S-Microservices\EventClient\EventClient\Client\dist\out-tsc\src\app\services\event.service.js.map
D:\GitHub\K8S-Microservices\EventClient\EventClient\Client\dist\out-tsc\src\app\components\home\home.component.js
D:\GitHub\K8S-Microservices\EventClient\EventClient\Client\dist\out-tsc\src\app\components\home\home.component.js.map
D:\GitHub\K8S-Microservices\EventClient\EventClient\Client\dist\out-tsc\src\app\services\auth.service.js
D:\GitHub\K8S-Microservices\EventClient\EventClient\Client\dist\out-tsc\src\app\services\auth.service.js.map
D:\GitHub\K8S-Microservices\EventClient\EventClient\Client\dist\out-tsc\src\app\components\login\login.component.js
D:\GitHub\K8S-Microservices\EventClient\EventClient\Client\dist\out-tsc\src\app\components\login\login.component.js.map
D:\GitHub\K8S-Microservices\EventClient\EventClient\Client\dist\out-tsc\src\app\app-routing.module.js
D:\GitHub\K8S-Microservices\EventClient\EventClient\Client\dist\out-tsc\src\app\app-routing.module.js.map
D:\GitHub\K8S-Microservices\EventClient\EventClient\Client\dist\out-tsc\src\app\app.component.js
D:\GitHub\K8S-Microservices\EventClient\EventClient\Client\dist\out-tsc\src\app\app.component.js.map
D:\GitHub\K8S-Microservices\EventClient\EventClient\Client\dist\out-tsc\src\app\interceptors\auth-intercepter.js
D:\GitHub\K8S-Microservices\EventClient\EventClient\Client\dist\out-tsc\src\app\interceptors\auth-intercepter.js.map
D:\GitHub\K8S-Microservices\EventClient\EventClient\Client\dist\out-tsc\src\app\app.module.js
D:\GitHub\K8S-Microservices\EventClient\EventClient\Client\dist\out-tsc\src\app\app.module.js.map
D:\GitHub\K8S-Microservices\EventClient\EventClient\Client\dist\out-tsc\src\environments\environment.js
D:\GitHub\K8S-Microservices\EventClient\EventClient\Client\dist\out-tsc\src\environments\environment.js.map
D:\GitHub\K8S-Microservices\EventClient\EventClient\Client\dist\out-tsc\src\main.js
D:\GitHub\K8S-Microservices\EventClient\EventClient\Client\dist\out-tsc\src\main.js.map
D:\GitHub\K8S-Microservices\EventClient\EventClient\Client\dist\out-tsc\src\polyfills.js
D:\GitHub\K8S-Microservices\EventClient\EventClient\Client\dist\out-tsc\src\polyfills.js.map
D:\GitHub\K8S-Microservices\EventClient\EventClient\Client\dist\out-tsc\src\test.js
D:\GitHub\K8S-Microservices\EventClient\EventClient\Client\dist\out-tsc\src\test.js.map
D:\GitHub\K8S-Microservices\EventClient\EventClient\Client\dist\out-tsc\src\app\app.component.spec.js
D:\GitHub\K8S-Microservices\EventClient\EventClient\Client\dist\out-tsc\src\app\app.component.spec.js.map
D:\GitHub\K8S-Microservices\EventClient\EventClient\Client\dist\out-tsc\src\app\components\home\home.component.spec.js
D:\GitHub\K8S-Microservices\EventClient\EventClient\Client\dist\out-tsc\src\app\components\home\home.component.spec.js.map
D:\GitHub\K8S-Microservices\EventClient\EventClient\Client\dist\out-tsc\src\app\components\login\login.component.spec.js
D:\GitHub\K8S-Microservices\EventClient\EventClient\Client\dist\out-tsc\src\app\components\login\login.component.spec.js.map
D:\GitHub\K8S-Microservices\EventClient\EventClient\Client\dist\out-tsc\src\app\interceptors\auth-intercepter.spec.js
D:\GitHub\K8S-Microservices\EventClient\EventClient\Client\dist\out-tsc\src\app\interceptors\auth-intercepter.spec.js.map
D:\GitHub\K8S-Microservices\EventClient\EventClient\Client\dist\out-tsc\src\app\models\event-data.spec.js
D:\GitHub\K8S-Microservices\EventClient\EventClient\Client\dist\out-tsc\src\app\models\event-data.spec.js.map
D:\GitHub\K8S-Microservices\EventClient\EventClient\Client\dist\out-tsc\src\app\services\auth.service.spec.js
D:\GitHub\K8S-Microservices\EventClient\EventClient\Client\dist\out-tsc\src\app\services\auth.service.spec.js.map
D:\GitHub\K8S-Microservices\EventClient\EventClient\Client\dist\out-tsc\src\app\services\event.service.spec.js
D:\GitHub\K8S-Microservices\EventClient\EventClient\Client\dist\out-tsc\src\app\services\event.service.spec.js.map
D:\GitHub\K8S-Microservices\EventClient\EventClient\Client\dist\out-tsc\src\environments\environment.prod.js
D:\GitHub\K8S-Microservices\EventClient\EventClient\Client\dist\out-tsc\src\environments\environment.prod.js.map
